2021-02-04 22:02:59,646 INFO 4400 [egg-schedule]: register schedule F:\eggdemo\node_modules\egg-multipart\app\schedule\clean_tmpdir.js
2021-02-04 22:02:59,646 INFO 4400 [egg-schedule]: register schedule F:\eggdemo\node_modules\egg-logrotator\app\schedule\clean_log.js
2021-02-04 22:02:59,646 INFO 4400 [egg-schedule]: register schedule F:\eggdemo\node_modules\egg-logrotator\app\schedule\rotate_by_file.js
2021-02-04 22:03:00,362 INFO 17848 [Timer] F:\eggdemo\node_modules\egg-multipart\app\schedule\clean_tmpdir.js next time will execute after 23219639ms at 2021-02-05 04:30:00.001
2021-02-04 22:03:00,363 INFO 17848 [Timer] F:\eggdemo\node_modules\egg-logrotator\app\schedule\clean_log.js next time will execute after 7019638ms at 2021-02-05 00:00:00.001
2021-02-04 22:03:00,363 INFO 17848 [Timer] F:\eggdemo\node_modules\egg-logrotator\app\schedule\rotate_by_file.js next time will execute after 7020637ms at 2021-02-05 00:00:01.000
2021-02-04 23:08:51,367 INFO 12104 [egg-schedule]: register schedule F:\eggdemo\node_modules\egg-multipart\app\schedule\clean_tmpdir.js
2021-02-04 23:08:51,367 INFO 12104 [egg-schedule]: register schedule F:\eggdemo\node_modules\egg-logrotator\app\schedule\clean_log.js
2021-02-04 23:08:51,367 INFO 12104 [egg-schedule]: register schedule F:\eggdemo\node_modules\egg-logrotator\app\schedule\rotate_by_file.js
2021-02-04 23:14:34,311 INFO 21604 [egg-schedule]: register schedule F:\eggdemo\node_modules\egg-multipart\app\schedule\clean_tmpdir.js
2021-02-04 23:14:34,311 INFO 21604 [egg-schedule]: register schedule F:\eggdemo\node_modules\egg-logrotator\app\schedule\clean_log.js
2021-02-04 23:14:34,311 INFO 21604 [egg-schedule]: register schedule F:\eggdemo\node_modules\egg-logrotator\app\schedule\rotate_by_file.js
2021-02-04 23:15:51,731 INFO 8108 [egg-schedule]: register schedule F:\eggdemo\node_modules\egg-multipart\app\schedule\clean_tmpdir.js
2021-02-04 23:15:51,731 INFO 8108 [egg-schedule]: register schedule F:\eggdemo\node_modules\egg-logrotator\app\schedule\clean_log.js
2021-02-04 23:15:51,731 INFO 8108 [egg-schedule]: register schedule F:\eggdemo\node_modules\egg-logrotator\app\schedule\rotate_by_file.js
2021-02-04 23:16:27,333 INFO 20136 [egg-schedule]: register schedule F:\eggdemo\node_modules\egg-multipart\app\schedule\clean_tmpdir.js
2021-02-04 23:16:27,333 INFO 20136 [egg-schedule]: register schedule F:\eggdemo\node_modules\egg-logrotator\app\schedule\clean_log.js
2021-02-04 23:16:27,333 INFO 20136 [egg-schedule]: register schedule F:\eggdemo\node_modules\egg-logrotator\app\schedule\rotate_by_file.js
2021-02-04 23:18:12,037 INFO 20228 [egg-schedule]: register schedule F:\eggdemo\node_modules\egg-multipart\app\schedule\clean_tmpdir.js
2021-02-04 23:18:12,037 INFO 20228 [egg-schedule]: register schedule F:\eggdemo\node_modules\egg-logrotator\app\schedule\clean_log.js
2021-02-04 23:18:12,037 INFO 20228 [egg-schedule]: register schedule F:\eggdemo\node_modules\egg-logrotator\app\schedule\rotate_by_file.js
2021-02-04 23:19:13,551 INFO 15888 [egg-schedule]: register schedule F:\eggdemo\node_modules\egg-multipart\app\schedule\clean_tmpdir.js
2021-02-04 23:19:13,551 INFO 15888 [egg-schedule]: register schedule F:\eggdemo\node_modules\egg-logrotator\app\schedule\clean_log.js
2021-02-04 23:19:13,551 INFO 15888 [egg-schedule]: register schedule F:\eggdemo\node_modules\egg-logrotator\app\schedule\rotate_by_file.js
2021-02-04 23:20:02,154 INFO 14148 [egg-schedule]: register schedule F:\eggdemo\node_modules\egg-multipart\app\schedule\clean_tmpdir.js
2021-02-04 23:20:02,154 INFO 14148 [egg-schedule]: register schedule F:\eggdemo\node_modules\egg-logrotator\app\schedule\clean_log.js
2021-02-04 23:20:02,154 INFO 14148 [egg-schedule]: register schedule F:\eggdemo\node_modules\egg-logrotator\app\schedule\rotate_by_file.js
2021-02-04 23:24:28,360 INFO 23304 [egg-schedule]: register schedule F:\eggdemo\node_modules\egg-multipart\app\schedule\clean_tmpdir.js
2021-02-04 23:24:28,360 INFO 23304 [egg-schedule]: register schedule F:\eggdemo\node_modules\egg-logrotator\app\schedule\clean_log.js
2021-02-04 23:24:28,360 INFO 23304 [egg-schedule]: register schedule F:\eggdemo\node_modules\egg-logrotator\app\schedule\rotate_by_file.js
2021-02-04 23:31:23,288 INFO 24204 [egg-schedule]: register schedule F:\eggdemo\node_modules\egg-multipart\app\schedule\clean_tmpdir.js
2021-02-04 23:31:23,288 INFO 24204 [egg-schedule]: register schedule F:\eggdemo\node_modules\egg-logrotator\app\schedule\clean_log.js
2021-02-04 23:31:23,288 INFO 24204 [egg-schedule]: register schedule F:\eggdemo\node_modules\egg-logrotator\app\schedule\rotate_by_file.js
2021-02-04 23:31:43,606 INFO 17856 [egg-schedule]: register schedule F:\eggdemo\node_modules\egg-multipart\app\schedule\clean_tmpdir.js
2021-02-04 23:31:43,606 INFO 17856 [egg-schedule]: register schedule F:\eggdemo\node_modules\egg-logrotator\app\schedule\clean_log.js
2021-02-04 23:31:43,607 INFO 17856 [egg-schedule]: register schedule F:\eggdemo\node_modules\egg-logrotator\app\schedule\rotate_by_file.js
2021-02-04 23:33:30,892 INFO 22824 [egg-schedule]: register schedule F:\eggdemo\node_modules\egg-multipart\app\schedule\clean_tmpdir.js
2021-02-04 23:33:30,892 INFO 22824 [egg-schedule]: register schedule F:\eggdemo\node_modules\egg-logrotator\app\schedule\clean_log.js
2021-02-04 23:33:30,892 INFO 22824 [egg-schedule]: register schedule F:\eggdemo\node_modules\egg-logrotator\app\schedule\rotate_by_file.js
2021-02-04 23:33:58,544 INFO 14136 [egg-schedule]: register schedule F:\eggdemo\node_modules\egg-multipart\app\schedule\clean_tmpdir.js
2021-02-04 23:33:58,544 INFO 14136 [egg-schedule]: register schedule F:\eggdemo\node_modules\egg-logrotator\app\schedule\clean_log.js
2021-02-04 23:33:58,544 INFO 14136 [egg-schedule]: register schedule F:\eggdemo\node_modules\egg-logrotator\app\schedule\rotate_by_file.js
2021-02-05 00:13:06,438 INFO 8156 [Timer] F:\EggDemo\node_modules\egg-multipart\app\schedule\clean_tmpdir.js next time will execute after 15413564ms at 2021-02-05 04:30:00.002
2021-02-05 00:13:06,438 INFO 8156 [Timer] F:\EggDemo\node_modules\egg-logrotator\app\schedule\clean_log.js next time will execute after 85613562ms at 2021-02-06 00:00:00.000
2021-02-05 00:13:06,439 INFO 8156 [Timer] F:\EggDemo\node_modules\egg-logrotator\app\schedule\rotate_by_file.js next time will execute after 85614562ms at 2021-02-06 00:00:01.001
2021-02-05 00:13:05,528 INFO 23168 [egg-schedule]: register schedule F:\EggDemo\node_modules\egg-multipart\app\schedule\clean_tmpdir.js
2021-02-05 00:13:05,528 INFO 23168 [egg-schedule]: register schedule F:\EggDemo\node_modules\egg-logrotator\app\schedule\clean_log.js
2021-02-05 00:13:05,528 INFO 23168 [egg-schedule]: register schedule F:\EggDemo\node_modules\egg-logrotator\app\schedule\rotate_by_file.js
2021-02-05 16:29:38,172 INFO 21240 [Timer] E:\EggDemo\node_modules\egg-multipart\app\schedule\clean_tmpdir.js next time will execute after 43221831ms at 2021-02-06 04:30:00.003
2021-02-05 16:29:38,172 INFO 21240 [Timer] E:\EggDemo\node_modules\egg-logrotator\app\schedule\clean_log.js next time will execute after 27021828ms at 2021-02-06 00:00:00.000
2021-02-05 16:29:38,172 INFO 21240 [Timer] E:\EggDemo\node_modules\egg-logrotator\app\schedule\rotate_by_file.js next time will execute after 27022828ms at 2021-02-06 00:00:01.000
2021-02-05 16:29:37,999 INFO 17368 [egg-schedule]: register schedule E:\EggDemo\node_modules\egg-multipart\app\schedule\clean_tmpdir.js
2021-02-05 16:29:37,999 INFO 17368 [egg-schedule]: register schedule E:\EggDemo\node_modules\egg-logrotator\app\schedule\clean_log.js
2021-02-05 16:29:37,999 INFO 17368 [egg-schedule]: register schedule E:\EggDemo\node_modules\egg-logrotator\app\schedule\rotate_by_file.js
2021-02-05 16:30:42,908 INFO 2992 [egg-schedule]: register schedule E:\EggDemo\node_modules\egg-multipart\app\schedule\clean_tmpdir.js
2021-02-05 16:30:42,908 INFO 2992 [egg-schedule]: register schedule E:\EggDemo\node_modules\egg-logrotator\app\schedule\clean_log.js
2021-02-05 16:30:42,908 INFO 2992 [egg-schedule]: register schedule E:\EggDemo\node_modules\egg-logrotator\app\schedule\rotate_by_file.js
2021-02-05 16:38:04,370 INFO 5472 [egg-schedule]: register schedule E:\EggDemo\node_modules\egg-multipart\app\schedule\clean_tmpdir.js
2021-02-05 16:38:04,370 INFO 5472 [egg-schedule]: register schedule E:\EggDemo\node_modules\egg-logrotator\app\schedule\clean_log.js
2021-02-05 16:38:04,370 INFO 5472 [egg-schedule]: register schedule E:\EggDemo\node_modules\egg-logrotator\app\schedule\rotate_by_file.js
2021-02-05 16:39:30,847 INFO 13772 [egg-schedule]: register schedule E:\EggDemo\node_modules\egg-multipart\app\schedule\clean_tmpdir.js
2021-02-05 16:39:30,847 INFO 13772 [egg-schedule]: register schedule E:\EggDemo\node_modules\egg-logrotator\app\schedule\clean_log.js
2021-02-05 16:39:30,847 INFO 13772 [egg-schedule]: register schedule E:\EggDemo\node_modules\egg-logrotator\app\schedule\rotate_by_file.js
2021-02-05 16:39:49,466 INFO 14772 [egg-schedule]: register schedule E:\EggDemo\node_modules\egg-multipart\app\schedule\clean_tmpdir.js
2021-02-05 16:39:49,466 INFO 14772 [egg-schedule]: register schedule E:\EggDemo\node_modules\egg-logrotator\app\schedule\clean_log.js
2021-02-05 16:39:49,466 INFO 14772 [egg-schedule]: register schedule E:\EggDemo\node_modules\egg-logrotator\app\schedule\rotate_by_file.js
2021-02-05 16:40:07,923 INFO 10316 [Timer] E:\EggDemo\node_modules\egg-multipart\app\schedule\clean_tmpdir.js next time will execute after 42592079ms at 2021-02-06 04:30:00.002
2021-02-05 16:40:07,923 INFO 10316 [Timer] E:\EggDemo\node_modules\egg-logrotator\app\schedule\clean_log.js next time will execute after 26392077ms at 2021-02-06 00:00:00.000
2021-02-05 16:40:07,924 INFO 10316 [Timer] E:\EggDemo\node_modules\egg-logrotator\app\schedule\rotate_by_file.js next time will execute after 26393077ms at 2021-02-06 00:00:01.001
2021-02-05 16:40:07,765 INFO 18492 [egg-schedule]: register schedule E:\EggDemo\node_modules\egg-multipart\app\schedule\clean_tmpdir.js
2021-02-05 16:40:07,765 INFO 18492 [egg-schedule]: register schedule E:\EggDemo\node_modules\egg-logrotator\app\schedule\clean_log.js
2021-02-05 16:40:07,765 INFO 18492 [egg-schedule]: register schedule E:\EggDemo\node_modules\egg-logrotator\app\schedule\rotate_by_file.js
2021-02-05 16:52:24,551 INFO 20588 [egg-schedule]: register schedule E:\EggDemo\node_modules\egg-multipart\app\schedule\clean_tmpdir.js
2021-02-05 16:52:24,551 INFO 20588 [egg-schedule]: register schedule E:\EggDemo\node_modules\egg-logrotator\app\schedule\clean_log.js
2021-02-05 16:52:24,551 INFO 20588 [egg-schedule]: register schedule E:\EggDemo\node_modules\egg-logrotator\app\schedule\rotate_by_file.js
2021-02-05 16:53:33,683 INFO 18932 [egg-schedule]: register schedule E:\EggDemo\node_modules\egg-multipart\app\schedule\clean_tmpdir.js
2021-02-05 16:53:33,683 INFO 18932 [egg-schedule]: register schedule E:\EggDemo\node_modules\egg-logrotator\app\schedule\clean_log.js
2021-02-05 16:53:33,683 INFO 18932 [egg-schedule]: register schedule E:\EggDemo\node_modules\egg-logrotator\app\schedule\rotate_by_file.js
2021-02-05 16:54:23,135 INFO 18944 [egg-schedule]: register schedule E:\EggDemo\node_modules\egg-multipart\app\schedule\clean_tmpdir.js
2021-02-05 16:54:23,135 INFO 18944 [egg-schedule]: register schedule E:\EggDemo\node_modules\egg-logrotator\app\schedule\clean_log.js
2021-02-05 16:54:23,135 INFO 18944 [egg-schedule]: register schedule E:\EggDemo\node_modules\egg-logrotator\app\schedule\rotate_by_file.js
2021-02-05 16:55:09,063 INFO 15996 [egg-schedule]: register schedule E:\EggDemo\node_modules\egg-multipart\app\schedule\clean_tmpdir.js
2021-02-05 16:55:09,063 INFO 15996 [egg-schedule]: register schedule E:\EggDemo\node_modules\egg-logrotator\app\schedule\clean_log.js
2021-02-05 16:55:09,063 INFO 15996 [egg-schedule]: register schedule E:\EggDemo\node_modules\egg-logrotator\app\schedule\rotate_by_file.js
2021-02-05 17:05:34,242 INFO 16804 [egg-schedule]: register schedule E:\EggDemo\node_modules\egg-multipart\app\schedule\clean_tmpdir.js
2021-02-05 17:05:34,243 INFO 16804 [egg-schedule]: register schedule E:\EggDemo\node_modules\egg-logrotator\app\schedule\clean_log.js
2021-02-05 17:05:34,243 INFO 16804 [egg-schedule]: register schedule E:\EggDemo\node_modules\egg-logrotator\app\schedule\rotate_by_file.js
2021-02-05 17:06:28,227 INFO 21336 [egg-schedule]: register schedule E:\EggDemo\node_modules\egg-multipart\app\schedule\clean_tmpdir.js
2021-02-05 17:06:28,227 INFO 21336 [egg-schedule]: register schedule E:\EggDemo\node_modules\egg-logrotator\app\schedule\clean_log.js
2021-02-05 17:06:28,227 INFO 21336 [egg-schedule]: register schedule E:\EggDemo\node_modules\egg-logrotator\app\schedule\rotate_by_file.js
2021-02-05 17:06:43,322 INFO 17468 [egg-schedule]: register schedule E:\EggDemo\node_modules\egg-multipart\app\schedule\clean_tmpdir.js
2021-02-05 17:06:43,322 INFO 17468 [egg-schedule]: register schedule E:\EggDemo\node_modules\egg-logrotator\app\schedule\clean_log.js
2021-02-05 17:06:43,322 INFO 17468 [egg-schedule]: register schedule E:\EggDemo\node_modules\egg-logrotator\app\schedule\rotate_by_file.js
2021-02-05 17:10:19,076 INFO 20224 [egg-schedule]: register schedule E:\EggDemo\node_modules\egg-multipart\app\schedule\clean_tmpdir.js
2021-02-05 17:10:19,076 INFO 20224 [egg-schedule]: register schedule E:\EggDemo\node_modules\egg-logrotator\app\schedule\clean_log.js
2021-02-05 17:10:19,076 INFO 20224 [egg-schedule]: register schedule E:\EggDemo\node_modules\egg-logrotator\app\schedule\rotate_by_file.js
2021-02-05 17:10:52,154 INFO 19916 [egg-schedule]: register schedule E:\EggDemo\node_modules\egg-multipart\app\schedule\clean_tmpdir.js
2021-02-05 17:10:52,154 INFO 19916 [egg-schedule]: register schedule E:\EggDemo\node_modules\egg-logrotator\app\schedule\clean_log.js
2021-02-05 17:10:52,154 INFO 19916 [egg-schedule]: register schedule E:\EggDemo\node_modules\egg-logrotator\app\schedule\rotate_by_file.js
2021-02-05 17:40:27,996 INFO 7412 [egg-schedule]: register schedule E:\EggDemo\node_modules\egg-multipart\app\schedule\clean_tmpdir.js
2021-02-05 17:40:27,996 INFO 7412 [egg-schedule]: register schedule E:\EggDemo\node_modules\egg-logrotator\app\schedule\clean_log.js
2021-02-05 17:40:27,996 INFO 7412 [egg-schedule]: register schedule E:\EggDemo\node_modules\egg-logrotator\app\schedule\rotate_by_file.js
2021-02-05 17:40:36,621 INFO 2068 [egg-schedule]: register schedule E:\EggDemo\node_modules\egg-multipart\app\schedule\clean_tmpdir.js
2021-02-05 17:40:36,621 INFO 2068 [egg-schedule]: register schedule E:\EggDemo\node_modules\egg-logrotator\app\schedule\clean_log.js
2021-02-05 17:40:36,621 INFO 2068 [egg-schedule]: register schedule E:\EggDemo\node_modules\egg-logrotator\app\schedule\rotate_by_file.js
2021-02-05 17:45:20,460 INFO 10644 [egg-schedule]: register schedule E:\EggDemo\node_modules\egg-multipart\app\schedule\clean_tmpdir.js
2021-02-05 17:45:20,460 INFO 10644 [egg-schedule]: register schedule E:\EggDemo\node_modules\egg-logrotator\app\schedule\clean_log.js
2021-02-05 17:45:20,460 INFO 10644 [egg-schedule]: register schedule E:\EggDemo\node_modules\egg-logrotator\app\schedule\rotate_by_file.js
2021-02-05 17:45:54,058 INFO 1784 [egg-schedule]: register schedule E:\EggDemo\node_modules\egg-multipart\app\schedule\clean_tmpdir.js
2021-02-05 17:45:54,058 INFO 1784 [egg-schedule]: register schedule E:\EggDemo\node_modules\egg-logrotator\app\schedule\clean_log.js
2021-02-05 17:45:54,058 INFO 1784 [egg-schedule]: register schedule E:\EggDemo\node_modules\egg-logrotator\app\schedule\rotate_by_file.js
2021-02-05 19:57:34,555 INFO 20232 [egg-schedule]: register schedule E:\EggDemo\node_modules\egg-multipart\app\schedule\clean_tmpdir.js
2021-02-05 19:57:34,555 INFO 20232 [egg-schedule]: register schedule E:\EggDemo\node_modules\egg-logrotator\app\schedule\clean_log.js
2021-02-05 19:57:34,555 INFO 20232 [egg-schedule]: register schedule E:\EggDemo\node_modules\egg-logrotator\app\schedule\rotate_by_file.js
2021-02-05 19:58:01,898 INFO 13820 [egg-schedule]: register schedule E:\EggDemo\node_modules\egg-multipart\app\schedule\clean_tmpdir.js
2021-02-05 19:58:01,898 INFO 13820 [egg-schedule]: register schedule E:\EggDemo\node_modules\egg-logrotator\app\schedule\clean_log.js
2021-02-05 19:58:01,898 INFO 13820 [egg-schedule]: register schedule E:\EggDemo\node_modules\egg-logrotator\app\schedule\rotate_by_file.js
2021-02-05 19:58:22,614 INFO 4280 [egg-schedule]: register schedule E:\EggDemo\node_modules\egg-multipart\app\schedule\clean_tmpdir.js
2021-02-05 19:58:22,614 INFO 4280 [egg-schedule]: register schedule E:\EggDemo\node_modules\egg-logrotator\app\schedule\clean_log.js
2021-02-05 19:58:22,614 INFO 4280 [egg-schedule]: register schedule E:\EggDemo\node_modules\egg-logrotator\app\schedule\rotate_by_file.js
2021-02-05 20:05:02,505 INFO 18852 [egg-schedule]: register schedule E:\EggDemo\node_modules\egg-multipart\app\schedule\clean_tmpdir.js
2021-02-05 20:05:02,505 INFO 18852 [egg-schedule]: register schedule E:\EggDemo\node_modules\egg-logrotator\app\schedule\clean_log.js
2021-02-05 20:05:02,505 INFO 18852 [egg-schedule]: register schedule E:\EggDemo\node_modules\egg-logrotator\app\schedule\rotate_by_file.js
2021-02-05 20:07:14,242 INFO 8872 [egg-schedule]: register schedule E:\EggDemo\node_modules\egg-multipart\app\schedule\clean_tmpdir.js
2021-02-05 20:07:14,242 INFO 8872 [egg-schedule]: register schedule E:\EggDemo\node_modules\egg-logrotator\app\schedule\clean_log.js
2021-02-05 20:07:14,242 INFO 8872 [egg-schedule]: register schedule E:\EggDemo\node_modules\egg-logrotator\app\schedule\rotate_by_file.js
2021-02-05 20:07:49,182 INFO 1992 [egg-schedule]: register schedule E:\EggDemo\node_modules\egg-multipart\app\schedule\clean_tmpdir.js
2021-02-05 20:07:49,182 INFO 1992 [egg-schedule]: register schedule E:\EggDemo\node_modules\egg-logrotator\app\schedule\clean_log.js
2021-02-05 20:07:49,182 INFO 1992 [egg-schedule]: register schedule E:\EggDemo\node_modules\egg-logrotator\app\schedule\rotate_by_file.js
2021-02-05 22:37:56,836 INFO 11964 [Timer] F:\EggDemo\node_modules\egg-multipart\app\schedule\clean_tmpdir.js next time will execute after 21123166ms at 2021-02-06 04:30:00.002
2021-02-05 22:37:56,836 INFO 11964 [Timer] F:\EggDemo\node_modules\egg-logrotator\app\schedule\clean_log.js next time will execute after 4923164ms at 2021-02-06 00:00:00.000
2021-02-05 22:37:56,836 INFO 11964 [Timer] F:\EggDemo\node_modules\egg-logrotator\app\schedule\rotate_by_file.js next time will execute after 4924164ms at 2021-02-06 00:00:01.000
2021-02-05 22:37:56,724 INFO 9688 [egg-schedule]: register schedule F:\EggDemo\node_modules\egg-multipart\app\schedule\clean_tmpdir.js
2021-02-05 22:37:56,724 INFO 9688 [egg-schedule]: register schedule F:\EggDemo\node_modules\egg-logrotator\app\schedule\clean_log.js
2021-02-05 22:37:56,724 INFO 9688 [egg-schedule]: register schedule F:\EggDemo\node_modules\egg-logrotator\app\schedule\rotate_by_file.js
