2021-02-07 00:00:01,043 INFO 15940 [egg-logrotator] app logger reload: got log-reload message
2021-02-07 00:01:26,060 INFO 12192 [egg:logger] init all loggers with options: {"dir":"F:\\EggDemo\\logs\\eggdemo","encoding":"utf8","env":"local","level":"INFO","consoleLevel":"INFO","disableConsoleAfterReady":false,"outputJSON":false,"buffer":true,"appLogName":"eggdemo-web.log","coreLogName":"egg-web.log","agentLogName":"egg-agent.log","errorLogName":"common-error.log","coreLogger":{"consoleLevel":"WARN"},"allowDebugAtProd":false,"type":"application"}
2021-02-07 00:01:26,084 INFO 12192 [egg-multipart] stream mode enable
2021-02-07 00:01:26,162 INFO 12192 [egg-static] starting static serve /public/ -> F:\EggDemo\app\public
2021-02-07 00:01:26,164 INFO 12192 [egg-security] use methodnoallow middleware
2021-02-07 00:01:26,165 INFO 12192 [egg-security] use noopen middleware
2021-02-07 00:01:26,166 INFO 12192 [egg-security] use nosniff middleware
2021-02-07 00:01:26,166 INFO 12192 [egg-security] use xssProtection middleware
2021-02-07 00:01:26,167 INFO 12192 [egg-security] use xframe middleware
2021-02-07 00:01:26,167 INFO 12192 [egg-security] use dta middleware
2021-02-07 00:01:26,167 INFO 12192 [egg-security] compose 6 middlewares into one security middleware
2021-02-07 00:01:26,196 INFO 12192 [egg:core] dump config after load, 21ms
2021-02-07 00:01:26,204 INFO 12192 [egg-watcher:application] watcher start success
2021-02-07 00:01:26,231 INFO 12192 [egg:core] dump config after ready, 25ms
2021-02-07 00:02:37,361 INFO 20732 [egg:logger] init all loggers with options: {"dir":"F:\\EggDemo\\logs\\eggdemo","encoding":"utf8","env":"local","level":"INFO","consoleLevel":"INFO","disableConsoleAfterReady":false,"outputJSON":false,"buffer":true,"appLogName":"eggdemo-web.log","coreLogName":"egg-web.log","agentLogName":"egg-agent.log","errorLogName":"common-error.log","coreLogger":{"consoleLevel":"WARN"},"allowDebugAtProd":false,"type":"application"}
2021-02-07 00:02:37,386 INFO 20732 [egg-multipart] stream mode enable
2021-02-07 00:02:37,460 INFO 20732 [egg-static] starting static serve /public/ -> F:\EggDemo\app\public
2021-02-07 00:02:37,462 INFO 20732 [egg-security] use methodnoallow middleware
2021-02-07 00:02:37,463 INFO 20732 [egg-security] use noopen middleware
2021-02-07 00:02:37,463 INFO 20732 [egg-security] use nosniff middleware
2021-02-07 00:02:37,463 INFO 20732 [egg-security] use xssProtection middleware
2021-02-07 00:02:37,464 INFO 20732 [egg-security] use xframe middleware
2021-02-07 00:02:37,464 INFO 20732 [egg-security] use dta middleware
2021-02-07 00:02:37,464 INFO 20732 [egg-security] compose 6 middlewares into one security middleware
2021-02-07 00:02:37,494 INFO 20732 [egg:core] dump config after load, 16ms
2021-02-07 00:02:37,502 INFO 20732 [egg-watcher:application] watcher start success
2021-02-07 00:02:37,526 INFO 20732 [egg:core] dump config after ready, 21ms
2021-02-07 00:10:16,298 INFO 24492 [egg:logger] init all loggers with options: {"dir":"F:\\EggDemo\\logs\\eggdemo","encoding":"utf8","env":"local","level":"INFO","consoleLevel":"INFO","disableConsoleAfterReady":false,"outputJSON":false,"buffer":true,"appLogName":"eggdemo-web.log","coreLogName":"egg-web.log","agentLogName":"egg-agent.log","errorLogName":"common-error.log","coreLogger":{"consoleLevel":"WARN"},"allowDebugAtProd":false,"type":"application"}
2021-02-07 00:10:16,317 INFO 24492 [egg-multipart] stream mode enable
2021-02-07 00:10:16,372 INFO 24492 [egg-static] starting static serve /public/ -> F:\EggDemo\app\public
2021-02-07 00:10:16,374 INFO 24492 [egg-security] use methodnoallow middleware
2021-02-07 00:10:16,374 INFO 24492 [egg-security] use noopen middleware
2021-02-07 00:10:16,374 INFO 24492 [egg-security] use nosniff middleware
2021-02-07 00:10:16,375 INFO 24492 [egg-security] use xssProtection middleware
2021-02-07 00:10:16,375 INFO 24492 [egg-security] use xframe middleware
2021-02-07 00:10:16,375 INFO 24492 [egg-security] use dta middleware
2021-02-07 00:10:16,375 INFO 24492 [egg-security] compose 6 middlewares into one security middleware
2021-02-07 00:10:16,405 INFO 24492 [egg:core] dump config after load, 15ms
2021-02-07 00:10:16,413 INFO 24492 [egg-watcher:application] watcher start success
2021-02-07 00:10:16,437 INFO 24492 [egg:core] dump config after ready, 22ms
2021-02-07 00:10:34,093 INFO 12396 [egg:logger] init all loggers with options: {"dir":"F:\\EggDemo\\logs\\eggdemo","encoding":"utf8","env":"local","level":"INFO","consoleLevel":"INFO","disableConsoleAfterReady":false,"outputJSON":false,"buffer":true,"appLogName":"eggdemo-web.log","coreLogName":"egg-web.log","agentLogName":"egg-agent.log","errorLogName":"common-error.log","coreLogger":{"consoleLevel":"WARN"},"allowDebugAtProd":false,"type":"application"}
2021-02-07 00:10:34,116 INFO 12396 [egg-multipart] stream mode enable
2021-02-07 00:10:34,188 INFO 12396 [egg-static] starting static serve /public/ -> F:\EggDemo\app\public
2021-02-07 00:10:34,190 INFO 12396 [egg-security] use methodnoallow middleware
2021-02-07 00:10:34,190 INFO 12396 [egg-security] use noopen middleware
2021-02-07 00:10:34,191 INFO 12396 [egg-security] use nosniff middleware
2021-02-07 00:10:34,191 INFO 12396 [egg-security] use xssProtection middleware
2021-02-07 00:10:34,191 INFO 12396 [egg-security] use xframe middleware
2021-02-07 00:10:34,192 INFO 12396 [egg-security] use dta middleware
2021-02-07 00:10:34,192 INFO 12396 [egg-security] compose 6 middlewares into one security middleware
2021-02-07 00:10:34,217 INFO 12396 [egg:core] dump config after load, 16ms
2021-02-07 00:10:34,226 INFO 12396 [egg-watcher:application] watcher start success
2021-02-07 00:10:34,251 INFO 12396 [egg:core] dump config after ready, 23ms
2021-02-07 00:10:50,724 INFO 5464 [egg:logger] init all loggers with options: {"dir":"F:\\EggDemo\\logs\\eggdemo","encoding":"utf8","env":"local","level":"INFO","consoleLevel":"INFO","disableConsoleAfterReady":false,"outputJSON":false,"buffer":true,"appLogName":"eggdemo-web.log","coreLogName":"egg-web.log","agentLogName":"egg-agent.log","errorLogName":"common-error.log","coreLogger":{"consoleLevel":"WARN"},"allowDebugAtProd":false,"type":"application"}
2021-02-07 00:10:50,742 INFO 5464 [egg-multipart] stream mode enable
2021-02-07 00:10:50,797 INFO 5464 [egg-static] starting static serve /public/ -> F:\EggDemo\app\public
2021-02-07 00:10:50,799 INFO 5464 [egg-security] use methodnoallow middleware
2021-02-07 00:10:50,799 INFO 5464 [egg-security] use noopen middleware
2021-02-07 00:10:50,799 INFO 5464 [egg-security] use nosniff middleware
2021-02-07 00:10:50,800 INFO 5464 [egg-security] use xssProtection middleware
2021-02-07 00:10:50,800 INFO 5464 [egg-security] use xframe middleware
2021-02-07 00:10:50,800 INFO 5464 [egg-security] use dta middleware
2021-02-07 00:10:50,800 INFO 5464 [egg-security] compose 6 middlewares into one security middleware
2021-02-07 00:10:50,825 INFO 5464 [egg:core] dump config after load, 14ms
2021-02-07 00:10:50,833 INFO 5464 [egg-watcher:application] watcher start success
2021-02-07 00:10:50,859 INFO 5464 [egg:core] dump config after ready, 24ms
2021-02-07 00:11:12,680 INFO 23496 [egg:logger] init all loggers with options: {"dir":"F:\\EggDemo\\logs\\eggdemo","encoding":"utf8","env":"local","level":"INFO","consoleLevel":"INFO","disableConsoleAfterReady":false,"outputJSON":false,"buffer":true,"appLogName":"eggdemo-web.log","coreLogName":"egg-web.log","agentLogName":"egg-agent.log","errorLogName":"common-error.log","coreLogger":{"consoleLevel":"WARN"},"allowDebugAtProd":false,"type":"application"}
2021-02-07 00:11:12,704 INFO 23496 [egg-multipart] stream mode enable
2021-02-07 00:11:12,775 INFO 23496 [egg-static] starting static serve /public/ -> F:\EggDemo\app\public
2021-02-07 00:11:12,778 INFO 23496 [egg-security] use methodnoallow middleware
2021-02-07 00:11:12,778 INFO 23496 [egg-security] use noopen middleware
2021-02-07 00:11:12,779 INFO 23496 [egg-security] use nosniff middleware
2021-02-07 00:11:12,779 INFO 23496 [egg-security] use xssProtection middleware
2021-02-07 00:11:12,779 INFO 23496 [egg-security] use xframe middleware
2021-02-07 00:11:12,780 INFO 23496 [egg-security] use dta middleware
2021-02-07 00:11:12,780 INFO 23496 [egg-security] compose 6 middlewares into one security middleware
2021-02-07 00:11:12,810 INFO 23496 [egg:core] dump config after load, 18ms
2021-02-07 00:11:12,819 INFO 23496 [egg-watcher:application] watcher start success
2021-02-07 00:11:12,845 INFO 23496 [egg:core] dump config after ready, 24ms
2021-02-07 00:13:41,593 INFO 14512 [egg:logger] init all loggers with options: {"dir":"F:\\EggDemo\\logs\\eggdemo","encoding":"utf8","env":"local","level":"INFO","consoleLevel":"INFO","disableConsoleAfterReady":false,"outputJSON":false,"buffer":true,"appLogName":"eggdemo-web.log","coreLogName":"egg-web.log","agentLogName":"egg-agent.log","errorLogName":"common-error.log","coreLogger":{"consoleLevel":"WARN"},"allowDebugAtProd":false,"type":"application"}
2021-02-07 00:13:41,616 INFO 14512 [egg-multipart] stream mode enable
2021-02-07 00:13:41,684 INFO 14512 [egg-static] starting static serve /public/ -> F:\EggDemo\app\public
2021-02-07 00:13:41,685 INFO 14512 [egg-security] use methodnoallow middleware
2021-02-07 00:13:41,686 INFO 14512 [egg-security] use noopen middleware
2021-02-07 00:13:41,686 INFO 14512 [egg-security] use nosniff middleware
2021-02-07 00:13:41,687 INFO 14512 [egg-security] use xssProtection middleware
2021-02-07 00:13:41,687 INFO 14512 [egg-security] use xframe middleware
2021-02-07 00:13:41,687 INFO 14512 [egg-security] use dta middleware
2021-02-07 00:13:41,687 INFO 14512 [egg-security] compose 6 middlewares into one security middleware
2021-02-07 00:13:41,718 INFO 14512 [egg:core] dump config after load, 18ms
2021-02-07 00:13:41,727 INFO 14512 [egg-watcher:application] watcher start success
2021-02-07 00:13:41,759 INFO 14512 [egg:core] dump config after ready, 30ms
